{"name":"invalidSignupTest","id":"lab07.features.search.TrelloTesting:invalidSignupTest","testCaseName":"lab07.features.search.TrelloTesting","testSteps":[{"number":1,"description":"Start home page","duration":4613,"startTime":"2018-05-21T10:29:37.330+03:00[Europe/Bucharest]","screenshots":[{"screenshot":"b1f83e59763616ca653e21342369d40caf614ee5263a6cf420d8de87c6254b03.png"},{"screenshot":"0362cb87775143b068e0b75ab061e4f762eaa1551031bee661322e8c17c52efa.png"}],"result":"SUCCESS","precondition":false},{"number":2,"description":"Complete invalid login","duration":6644,"startTime":"2018-05-21T10:29:41.944+03:00[Europe/Bucharest]","screenshots":[{"screenshot":"7c2817e80aa8136f2d41dd2fa04794641c32225532d16d0157c1293986aa7dbf.png"},{"screenshot":"85caafcadb9b5f75604be28c18035934087883f2bcea42a9b9b2ac036caa7408.png","htmlSource":"pagesource4980525304191044096.html.txt"}],"exception":{"errorType":"net.thucydides.core.webdriver.exceptions.ElementShouldBeEnabledException","message":"The following error occurred: Expected enabled element was not enabled","stackTrace":[{"declaringClass":"lab07.pages.TrelloRegisterPage","methodName":"signup","fileName":"TrelloRegisterPage.java","lineNumber":36},{"declaringClass":"lab07.steps.serenity.TrelloRegisterSteps","methodName":"signup","fileName":"TrelloRegisterSteps.java","lineNumber":45},{"declaringClass":"lab07.steps.serenity.TrelloRegisterSteps","methodName":"completeInvalidLogin","fileName":"TrelloRegisterSteps.java","lineNumber":39},{"declaringClass":"lab07.features.search.TrelloTesting","methodName":"invalidSignupTest","fileName":"TrelloTesting.java","lineNumber":53}],"rootCause":{"errorType":"org.openqa.selenium.TimeoutException","message":"Expected condition failed: waiting for TrelloRegisterPage.signupButton to be enabled (tried for 5 second(s) with 100 MILLISECONDS interval)\nBuild info: version: \u00273.7.1\u0027, revision: \u00278a0099a\u0027, time: \u00272017-11-06T21:01:39.354Z\u0027\nSystem info: host: \u0027Tudors-MacBook-Pro.local\u0027, ip: \u0027fe80:0:0:0:1c2b:c687:2787:ce04%en0\u0027, os.name: \u0027Mac OS X\u0027, os.arch: \u0027x86_64\u0027, os.version: \u002710.13.3\u0027, java.version: \u00271.8.0_161\u0027\nDriver info: driver.version: unknown","stackTrace":[{"declaringClass":"lab07.pages.TrelloRegisterPage","methodName":"signup","fileName":"TrelloRegisterPage.java","lineNumber":36},{"declaringClass":"lab07.steps.serenity.TrelloRegisterSteps","methodName":"signup","fileName":"TrelloRegisterSteps.java","lineNumber":45},{"declaringClass":"lab07.steps.serenity.TrelloRegisterSteps","methodName":"completeInvalidLogin","fileName":"TrelloRegisterSteps.java","lineNumber":39},{"declaringClass":"lab07.features.search.TrelloTesting","methodName":"invalidSignupTest","fileName":"TrelloTesting.java","lineNumber":53}]}},"result":"FAILURE","precondition":false}],"userStory":{"id":"lab07.features.search.TrelloTesting","storyName":"Trello testing","storyClassName":"lab07.features.search.TrelloTesting","path":"search","type":"story"},"featureTag":{"name":"Trello testing","type":"story"},"title":"Invalid signup test","coreIssues":["#InvalidLogin"],"tags":[{"name":"Search/Trello testing","type":"story"},{"name":"Search","type":"feature"}],"startTime":"2018-05-21T10:29:37.124+03:00[Europe/Bucharest]","duration":11469,"testFailureCause":{"errorType":"net.thucydides.core.webdriver.exceptions.ElementShouldBeEnabledException","message":"The following error occurred: The following error occurred: Expected enabled element was not enabled\nBuild info: version: \u00273.7.1\u0027, revision: \u00278a0099a\u0027, time: \u00272017-11-06T21:01:39.354Z\u0027\nSystem info: host: \u0027Tudors-MacBook-Pro.local\u0027, ip: \u0027fe80:0:0:0:1c2b:c687:2787:ce04%en0\u0027, os.name: \u0027Mac OS X\u0027, os.arch: \u0027x86_64\u0027, os.version: \u002710.13.3\u0027, java.version: \u00271.8.0_161\u0027\nDriver info: driver.version: unknown","stackTrace":[{"declaringClass":"lab07.pages.TrelloRegisterPage","methodName":"signup","fileName":"TrelloRegisterPage.java","lineNumber":36},{"declaringClass":"lab07.steps.serenity.TrelloRegisterSteps","methodName":"signup","fileName":"TrelloRegisterSteps.java","lineNumber":45},{"declaringClass":"lab07.steps.serenity.TrelloRegisterSteps","methodName":"completeInvalidLogin","fileName":"TrelloRegisterSteps.java","lineNumber":39},{"declaringClass":"lab07.features.search.TrelloTesting","methodName":"invalidSignupTest","fileName":"TrelloTesting.java","lineNumber":53}]},"testFailureClassname":"net.thucydides.core.webdriver.exceptions.ElementShouldBeEnabledException","testFailureMessage":"The following error occurred: The following error occurred: Expected enabled element was not enabled\nBuild info: version: \u00273.7.1\u0027, revision: \u00278a0099a\u0027, time: \u00272017-11-06T21:01:39.354Z\u0027\nSystem info: host: \u0027Tudors-MacBook-Pro.local\u0027, ip: \u0027fe80:0:0:0:1c2b:c687:2787:ce04%en0\u0027, os.name: \u0027Mac OS X\u0027, os.arch: \u0027x86_64\u0027, os.version: \u002710.13.3\u0027, java.version: \u00271.8.0_161\u0027\nDriver info: driver.version: unknown","testFailureSummary":"FAILURE;net.thucydides.core.webdriver.exceptions.ElementShouldBeEnabledException;The following error occurred: The following error occurred: Expected enabled element was not enabled\nBuild info: version: \u00273.7.1\u0027, revision: \u00278a0099a\u0027, time: \u00272017-11-06T21:01:39.354Z\u0027\nSystem info: host: \u0027Tudors-MacBook-Pro.local\u0027, ip: \u0027fe80:0:0:0:1c2b:c687:2787:ce04%en0\u0027, os.name: \u0027Mac OS X\u0027, os.arch: \u0027x86_64\u0027, os.version: \u002710.13.3\u0027, java.version: \u00271.8.0_161\u0027\nDriver info: driver.version: unknown;TrelloRegisterPage.java","projectKey":"","annotatedResult":"FAILURE","sessionId":"e554c73af42e80185d60632ce862e05d","driver":"chrome","manual":false,"testSource":"JUnit","result":"FAILURE","issues":["#InvalidLogin"]}