{"name":"validSignupTest","id":"lab07.features.search.TrelloTesting:validSignupTest","testCaseName":"lab07.features.search.TrelloTesting","testSteps":[{"number":1,"description":"Start home page","duration":7132,"startTime":"2018-05-21T10:29:14.379+03:00[Europe/Bucharest]","screenshots":[{"screenshot":"ee0c8bdb0ab087c0d44ae0e01b0da702962db13f417a6dd5ac8eca703361d7ce.png"}],"result":"SUCCESS","precondition":false},{"number":2,"description":"Complete valid register","duration":7933,"startTime":"2018-05-21T10:29:21.521+03:00[Europe/Bucharest]","screenshots":[{"screenshot":"242feec137c36b91082ba07c0e07f954e04328123baa036fed818300f67bd3f6.png"},{"screenshot":"91940702363ad5484dbfb3665891c090661d6505c22597821559fc7ffa2f7c80.png","htmlSource":"pagesource6726895978417903493.html.txt"}],"exception":{"errorType":"net.thucydides.core.webdriver.exceptions.ElementShouldBeEnabledException","message":"The following error occurred: Expected enabled element was not enabled","stackTrace":[{"declaringClass":"lab07.pages.TrelloRegisterPage","methodName":"signup","fileName":"TrelloRegisterPage.java","lineNumber":36},{"declaringClass":"lab07.steps.serenity.TrelloRegisterSteps","methodName":"signup","fileName":"TrelloRegisterSteps.java","lineNumber":45},{"declaringClass":"lab07.steps.serenity.TrelloRegisterSteps","methodName":"completeValidRegister","fileName":"TrelloRegisterSteps.java","lineNumber":30},{"declaringClass":"lab07.features.search.TrelloTesting","methodName":"validSignupTest","fileName":"TrelloTesting.java","lineNumber":46}],"rootCause":{"errorType":"org.openqa.selenium.TimeoutException","message":"Expected condition failed: waiting for TrelloRegisterPage.signupButton to be enabled (tried for 5 second(s) with 100 MILLISECONDS interval)\nBuild info: version: \u00273.7.1\u0027, revision: \u00278a0099a\u0027, time: \u00272017-11-06T21:01:39.354Z\u0027\nSystem info: host: \u0027Tudors-MacBook-Pro.local\u0027, ip: \u0027fe80:0:0:0:1c2b:c687:2787:ce04%en0\u0027, os.name: \u0027Mac OS X\u0027, os.arch: \u0027x86_64\u0027, os.version: \u002710.13.3\u0027, java.version: \u00271.8.0_161\u0027\nDriver info: driver.version: unknown","stackTrace":[{"declaringClass":"lab07.pages.TrelloRegisterPage","methodName":"signup","fileName":"TrelloRegisterPage.java","lineNumber":36},{"declaringClass":"lab07.steps.serenity.TrelloRegisterSteps","methodName":"signup","fileName":"TrelloRegisterSteps.java","lineNumber":45},{"declaringClass":"lab07.steps.serenity.TrelloRegisterSteps","methodName":"completeValidRegister","fileName":"TrelloRegisterSteps.java","lineNumber":30},{"declaringClass":"lab07.features.search.TrelloTesting","methodName":"validSignupTest","fileName":"TrelloTesting.java","lineNumber":46}]}},"result":"FAILURE","precondition":false}],"userStory":{"id":"lab07.features.search.TrelloTesting","storyName":"Trello testing","storyClassName":"lab07.features.search.TrelloTesting","path":"search","type":"story"},"featureTag":{"name":"Trello testing","type":"story"},"title":"Valid signup test","coreIssues":["#ValidSignup"],"tags":[{"name":"Search/Trello testing","type":"story"},{"name":"Search","type":"feature"}],"startTime":"2018-05-21T10:29:13.545+03:00[Europe/Bucharest]","duration":15943,"testFailureCause":{"errorType":"net.thucydides.core.webdriver.exceptions.ElementShouldBeEnabledException","message":"The following error occurred: The following error occurred: Expected enabled element was not enabled\nBuild info: version: \u00273.7.1\u0027, revision: \u00278a0099a\u0027, time: \u00272017-11-06T21:01:39.354Z\u0027\nSystem info: host: \u0027Tudors-MacBook-Pro.local\u0027, ip: \u0027fe80:0:0:0:1c2b:c687:2787:ce04%en0\u0027, os.name: \u0027Mac OS X\u0027, os.arch: \u0027x86_64\u0027, os.version: \u002710.13.3\u0027, java.version: \u00271.8.0_161\u0027\nDriver info: driver.version: unknown","stackTrace":[{"declaringClass":"lab07.pages.TrelloRegisterPage","methodName":"signup","fileName":"TrelloRegisterPage.java","lineNumber":36},{"declaringClass":"lab07.steps.serenity.TrelloRegisterSteps","methodName":"signup","fileName":"TrelloRegisterSteps.java","lineNumber":45},{"declaringClass":"lab07.steps.serenity.TrelloRegisterSteps","methodName":"completeValidRegister","fileName":"TrelloRegisterSteps.java","lineNumber":30},{"declaringClass":"lab07.features.search.TrelloTesting","methodName":"validSignupTest","fileName":"TrelloTesting.java","lineNumber":46}]},"testFailureClassname":"net.thucydides.core.webdriver.exceptions.ElementShouldBeEnabledException","testFailureMessage":"The following error occurred: The following error occurred: Expected enabled element was not enabled\nBuild info: version: \u00273.7.1\u0027, revision: \u00278a0099a\u0027, time: \u00272017-11-06T21:01:39.354Z\u0027\nSystem info: host: \u0027Tudors-MacBook-Pro.local\u0027, ip: \u0027fe80:0:0:0:1c2b:c687:2787:ce04%en0\u0027, os.name: \u0027Mac OS X\u0027, os.arch: \u0027x86_64\u0027, os.version: \u002710.13.3\u0027, java.version: \u00271.8.0_161\u0027\nDriver info: driver.version: unknown","testFailureSummary":"FAILURE;net.thucydides.core.webdriver.exceptions.ElementShouldBeEnabledException;The following error occurred: The following error occurred: Expected enabled element was not enabled\nBuild info: version: \u00273.7.1\u0027, revision: \u00278a0099a\u0027, time: \u00272017-11-06T21:01:39.354Z\u0027\nSystem info: host: \u0027Tudors-MacBook-Pro.local\u0027, ip: \u0027fe80:0:0:0:1c2b:c687:2787:ce04%en0\u0027, os.name: \u0027Mac OS X\u0027, os.arch: \u0027x86_64\u0027, os.version: \u002710.13.3\u0027, java.version: \u00271.8.0_161\u0027\nDriver info: driver.version: unknown;TrelloRegisterPage.java","projectKey":"","annotatedResult":"FAILURE","sessionId":"e554c73af42e80185d60632ce862e05d","driver":"chrome","manual":false,"testSource":"JUnit","result":"FAILURE","issues":["#ValidSignup"]}